[
  {
    "line": 1,
    "elements": [
      {
        "line": 3,
        "name": "",
        "description": "",
        "type": "background",
        "keyword": "Background",
        "steps": [
          {
            "result": {
              "duration": 11146936899,
              "status": "passed"
            },
            "line": 4,
            "name": "Launching website \"http://testquote.performancedirect.co.uk/\" on the browser",
            "match": {
              "arguments": [
                {
                  "val": "http://testquote.performancedirect.co.uk/",
                  "offset": 19
                }
              ],
              "location": "HomePageSteps.launching_website_on_the_browser(String)"
            },
            "keyword": "Given "
          },
          {
            "result": {
              "duration": 3019458200,
              "status": "passed"
            },
            "line": 5,
            "name": "User selects \"Car Insurance\" item",
            "match": {
              "arguments": [
                {
                  "val": "Car Insurance",
                  "offset": 14
                }
              ],
              "location": "HomePageSteps.user_selects_item(String)"
            },
            "keyword": "Given "
          }
        ]
      },
      {
        "line": 12,
        "name": "Adding a car new quote without partime job, claims, convictions and addition drivers",
        "description": "",
        "id": "newquote;adding-a-car-new-quote-without-partime-job,-claims,-convictions-and-addition-drivers;;2",
        "after": [
          {
            "result": {
              "duration": 933143200,
              "status": "passed"
            },
            "match": {
              "location": "Hooks.AfterSteps()"
            }
          }
        ],
        "type": "scenario",
        "keyword": "Scenario Outline",
        "steps": [
          {
            "result": {
              "duration": 11794018200,
              "status": "passed"
            },
            "line": 8,
            "name": "User enters the contact information and selects the Get a quote button",
            "match": {
              "location": "ContactInformationSteps.user_enters_the_contact_information_and_selects_the_Get_a_quote_button()"
            },
            "keyword": "Given "
          },
          {
            "result": {
              "duration": 130400,
              "status": "passed"
            },
            "line": 9,
            "name": "User enters the \"Basic\" details on the Personal Detail page",
            "match": {
              "arguments": [
                {
                  "val": "Basic",
                  "offset": 17
                }
              ],
              "location": "PersonalDetailsSteps.user_enters_the_details_on_the_Personal_Detail_page(String)"
            },
            "matchedColumns": [
              0
            ],
            "keyword": "Given "
          }
        ]
      },
      {
        "line": 3,
        "name": "",
        "description": "",
        "type": "background",
        "keyword": "Background",
        "steps": [
          {
            "result": {
              "duration": 10450659601,
              "status": "passed"
            },
            "line": 4,
            "name": "Launching website \"http://testquote.performancedirect.co.uk/\" on the browser",
            "match": {
              "arguments": [
                {
                  "val": "http://testquote.performancedirect.co.uk/",
                  "offset": 19
                }
              ],
              "location": "HomePageSteps.launching_website_on_the_browser(String)"
            },
            "keyword": "Given "
          },
          {
            "result": {
              "duration": 2653179100,
              "status": "passed"
            },
            "line": 5,
            "name": "User selects \"Car Insurance\" item",
            "match": {
              "arguments": [
                {
                  "val": "Car Insurance",
                  "offset": 14
                }
              ],
              "location": "HomePageSteps.user_selects_item(String)"
            },
            "keyword": "Given "
          }
        ]
      },
      {
        "line": 14,
        "name": "Test thread 1- s1",
        "description": "",
        "id": "newquote;test-thread-1--s1",
        "after": [
          {
            "result": {
              "duration": 800218700,
              "status": "passed"
            },
            "match": {
              "location": "Hooks.AfterSteps()"
            }
          }
        ],
        "type": "scenario",
        "keyword": "Scenario",
        "steps": [
          {
            "result": {
              "duration": 30864773800,
              "status": "passed"
            },
            "line": 15,
            "name": "User enters the contact information and selects the Get a quote button",
            "match": {
              "location": "ContactInformationSteps.user_enters_the_contact_information_and_selects_the_Get_a_quote_button()"
            },
            "keyword": "Given "
          }
        ]
      }
    ],
    "name": "NewQuote",
    "description": "",
    "id": "newquote",
    "keyword": "Feature",
    "uri": "NewQuote.feature"
  },
  {
    "line": 1,
    "elements": [
      {
        "line": 3,
        "name": "",
        "description": "",
        "type": "background",
        "keyword": "Background",
        "steps": [
          {
            "result": {
              "duration": 10405362301,
              "status": "passed"
            },
            "line": 4,
            "name": "Launching website \"http://testquote.performancedirect.co.uk/\" on the browser",
            "match": {
              "arguments": [
                {
                  "val": "http://testquote.performancedirect.co.uk/",
                  "offset": 19
                }
              ],
              "location": "HomePageSteps.launching_website_on_the_browser(String)"
            },
            "keyword": "Given "
          },
          {
            "result": {
              "duration": 3257236800,
              "status": "passed"
            },
            "line": 5,
            "name": "User selects \"Car Insurance\" item",
            "match": {
              "arguments": [
                {
                  "val": "Car Insurance",
                  "offset": 14
                }
              ],
              "location": "HomePageSteps.user_selects_item(String)"
            },
            "keyword": "Given "
          }
        ]
      },
      {
        "line": 7,
        "name": "Thread 2",
        "description": "",
        "id": "newquote;thread-2",
        "after": [
          {
            "result": {
              "duration": 821219200,
              "status": "passed"
            },
            "match": {
              "location": "Hooks.AfterSteps()"
            }
          }
        ],
        "type": "scenario",
        "keyword": "Scenario",
        "steps": [
          {
            "result": {
              "duration": 12666680800,
              "status": "passed"
            },
            "line": 8,
            "name": "User enters the contact information and selects the Get a quote button",
            "match": {
              "location": "ContactInformationSteps.user_enters_the_contact_information_and_selects_the_Get_a_quote_button()"
            },
            "keyword": "Given "
          }
        ]
      }
    ],
    "name": "NewQuote",
    "description": "",
    "id": "newquote",
    "keyword": "Feature",
    "uri": "NewQuote2.feature"
  },
  {
    "line": 1,
    "elements": [
      {
        "line": 3,
        "name": "",
        "description": "",
        "type": "background",
        "keyword": "Background",
        "steps": [
          {
            "result": {
              "duration": 6023708799,
              "status": "passed"
            },
            "line": 4,
            "name": "Launching website \"http://testquote.performancedirect.co.uk/\" on the browser",
            "match": {
              "arguments": [
                {
                  "val": "http://testquote.performancedirect.co.uk/",
                  "offset": 19
                }
              ],
              "location": "HomePageSteps.launching_website_on_the_browser(String)"
            },
            "keyword": "Given "
          },
          {
            "result": {
              "duration": 14082199,
              "error_message": "org.openqa.selenium.NoSuchWindowException: no such window: target window already closed\nfrom unknown error: web view not found\n  (Session info: chrome\u003d76.0.3809.100)\nBuild info: version: \u00273.4.0\u0027, revision: \u0027unknown\u0027, time: \u0027unknown\u0027\nSystem info: host: \u0027DESKTOP-K80G29D\u0027, ip: \u002710.0.75.1\u0027, os.name: \u0027Windows 10\u0027, os.arch: \u0027amd64\u0027, os.version: \u002710.0\u0027, java.version: \u00271.8.0_221\u0027\nDriver info: org.openqa.selenium.chrome.ChromeDriver\nCapabilities [{networkConnectionEnabled\u003dfalse, chrome\u003d{chromedriverVersion\u003d76.0.3809.68 (420c9498db8ce8fcd190a954d51297672c1515d5-refs/branch-heads/3809@{#864}), userDataDir\u003dC:\\Users\\USER\\AppData\\Local\\Temp\\scoped_dir23296_1190066684}, timeouts\u003d{implicit\u003d0.0, pageLoad\u003d300000.0, script\u003d30000.0}, pageLoadStrategy\u003dnormal, unhandledPromptBehavior\u003ddismiss and notify, strictFileInteractability\u003dfalse, platform\u003dANY, proxy\u003dProxy(), goog:chromeOptions\u003d{debuggerAddress\u003dlocalhost:61390}, acceptInsecureCerts\u003dfalse, browserVersion\u003d76.0.3809.100, browserName\u003dchrome, javascriptEnabled\u003dtrue, platformName\u003dwindows nt, setWindowRect\u003dtrue}]\nSession ID: 1b376338006bec180dc7b74eedfef648\n*** Element info: {Using\u003dxpath, value\u003d//a[contains(text(),\u0027Car Insurance\u0027)]}\r\n\tat sun.reflect.NativeConstructorAccessorImpl.newInstance0(Native Method)\r\n\tat sun.reflect.NativeConstructorAccessorImpl.newInstance(NativeConstructorAccessorImpl.java:62)\r\n\tat sun.reflect.DelegatingConstructorAccessorImpl.newInstance(DelegatingConstructorAccessorImpl.java:45)\r\n\tat java.lang.reflect.Constructor.newInstance(Constructor.java:423)\r\n\tat org.openqa.selenium.remote.http.W3CHttpResponseCodec.createException(W3CHttpResponseCodec.java:150)\r\n\tat org.openqa.selenium.remote.http.W3CHttpResponseCodec.decode(W3CHttpResponseCodec.java:115)\r\n\tat org.openqa.selenium.remote.http.W3CHttpResponseCodec.decode(W3CHttpResponseCodec.java:45)\r\n\tat org.openqa.selenium.remote.HttpCommandExecutor.execute(HttpCommandExecutor.java:164)\r\n\tat org.openqa.selenium.remote.service.DriverCommandExecutor.execute(DriverCommandExecutor.java:82)\r\n\tat org.openqa.selenium.remote.RemoteWebDriver.execute(RemoteWebDriver.java:637)\r\n\tat org.openqa.selenium.remote.RemoteWebDriver.findElement(RemoteWebDriver.java:410)\r\n\tat org.openqa.selenium.remote.RemoteWebDriver.findElementByXPath(RemoteWebDriver.java:509)\r\n\tat org.openqa.selenium.By$ByXPath.findElement(By.java:361)\r\n\tat org.openqa.selenium.remote.RemoteWebDriver.findElement(RemoteWebDriver.java:402)\r\n\tat org.openqa.selenium.support.pagefactory.DefaultElementLocator.findElement(DefaultElementLocator.java:69)\r\n\tat org.openqa.selenium.support.pagefactory.internal.LocatingElementHandler.invoke(LocatingElementHandler.java:38)\r\n\tat com.sun.proxy.$Proxy13.click(Unknown Source)\r\n\tat pageObjects.HomePage.selectInsurance(HomePage.java:28)\r\n\tat stepDefinitions.HomePageSteps.user_selects_item(HomePageSteps.java:24)\r\n\tat ✽.Given User selects \"Car Insurance\" item(NewQuote3.feature:5)\r\n",
              "status": "failed"
            },
            "line": 5,
            "name": "User selects \"Car Insurance\" item",
            "match": {
              "arguments": [
                {
                  "val": "Car Insurance",
                  "offset": 14
                }
              ],
              "location": "HomePageSteps.user_selects_item(String)"
            },
            "keyword": "Given "
          }
        ]
      },
      {
        "line": 7,
        "name": "Thread 3",
        "description": "",
        "id": "newquote;thread-3",
        "after": [
          {
            "result": {
              "duration": 34992700,
              "error_message": "org.openqa.selenium.NoSuchWindowException: no such window: target window already closed\nfrom unknown error: web view not found\n  (Session info: chrome\u003d76.0.3809.100)\nBuild info: version: \u00273.4.0\u0027, revision: \u0027unknown\u0027, time: \u0027unknown\u0027\nSystem info: host: \u0027DESKTOP-K80G29D\u0027, ip: \u002710.0.75.1\u0027, os.name: \u0027Windows 10\u0027, os.arch: \u0027amd64\u0027, os.version: \u002710.0\u0027, java.version: \u00271.8.0_221\u0027\nDriver info: org.openqa.selenium.chrome.ChromeDriver\nCapabilities [{networkConnectionEnabled\u003dfalse, chrome\u003d{chromedriverVersion\u003d76.0.3809.68 (420c9498db8ce8fcd190a954d51297672c1515d5-refs/branch-heads/3809@{#864}), userDataDir\u003dC:\\Users\\USER\\AppData\\Local\\Temp\\scoped_dir23296_1190066684}, timeouts\u003d{implicit\u003d0.0, pageLoad\u003d300000.0, script\u003d30000.0}, pageLoadStrategy\u003dnormal, unhandledPromptBehavior\u003ddismiss and notify, strictFileInteractability\u003dfalse, platform\u003dANY, proxy\u003dProxy(), goog:chromeOptions\u003d{debuggerAddress\u003dlocalhost:61390}, acceptInsecureCerts\u003dfalse, browserVersion\u003d76.0.3809.100, browserName\u003dchrome, javascriptEnabled\u003dtrue, platformName\u003dwindows nt, setWindowRect\u003dtrue}]\nSession ID: 1b376338006bec180dc7b74eedfef648\r\n\tat sun.reflect.NativeConstructorAccessorImpl.newInstance0(Native Method)\r\n\tat sun.reflect.NativeConstructorAccessorImpl.newInstance(NativeConstructorAccessorImpl.java:62)\r\n\tat sun.reflect.DelegatingConstructorAccessorImpl.newInstance(DelegatingConstructorAccessorImpl.java:45)\r\n\tat java.lang.reflect.Constructor.newInstance(Constructor.java:423)\r\n\tat org.openqa.selenium.remote.http.W3CHttpResponseCodec.createException(W3CHttpResponseCodec.java:150)\r\n\tat org.openqa.selenium.remote.http.W3CHttpResponseCodec.decode(W3CHttpResponseCodec.java:115)\r\n\tat org.openqa.selenium.remote.http.W3CHttpResponseCodec.decode(W3CHttpResponseCodec.java:45)\r\n\tat org.openqa.selenium.remote.HttpCommandExecutor.execute(HttpCommandExecutor.java:164)\r\n\tat org.openqa.selenium.remote.service.DriverCommandExecutor.execute(DriverCommandExecutor.java:82)\r\n\tat org.openqa.selenium.remote.RemoteWebDriver.execute(RemoteWebDriver.java:637)\r\n\tat org.openqa.selenium.remote.RemoteWebDriver.execute(RemoteWebDriver.java:694)\r\n\tat org.openqa.selenium.remote.RemoteWebDriver.close(RemoteWebDriver.java:523)\r\n\tat managers.WebDriverManager.closeDriver(WebDriverManager.java:69)\r\n\tat stepDefinitions.Hooks.AfterSteps(Hooks.java:15)\r\n\tat sun.reflect.NativeMethodAccessorImpl.invoke0(Native Method)\r\n\tat sun.reflect.NativeMethodAccessorImpl.invoke(NativeMethodAccessorImpl.java:62)\r\n\tat sun.reflect.DelegatingMethodAccessorImpl.invoke(DelegatingMethodAccessorImpl.java:43)\r\n\tat java.lang.reflect.Method.invoke(Method.java:498)\r\n\tat cucumber.runtime.Utils$1.call(Utils.java:37)\r\n\tat cucumber.runtime.Timeout.timeout(Timeout.java:13)\r\n\tat cucumber.runtime.Utils.invoke(Utils.java:31)\r\n\tat cucumber.runtime.java.JavaHookDefinition.execute(JavaHookDefinition.java:60)\r\n\tat cucumber.runtime.Runtime.runHookIfTagsMatch(Runtime.java:223)\r\n\tat cucumber.runtime.Runtime.runHooks(Runtime.java:211)\r\n\tat cucumber.runtime.Runtime.runAfterHooks(Runtime.java:205)\r\n\tat cucumber.runtime.model.CucumberScenario.run(CucumberScenario.java:46)\r\n\tat cucumber.runtime.junit.ExecutionUnitRunner.run(ExecutionUnitRunner.java:91)\r\n\tat cucumber.runtime.junit.FeatureRunner.runChild(FeatureRunner.java:63)\r\n\tat cucumber.runtime.junit.FeatureRunner.runChild(FeatureRunner.java:18)\r\n\tat org.junit.runners.ParentRunner$3.run(ParentRunner.java:290)\r\n\tat org.junit.runners.ParentRunner$1.schedule(ParentRunner.java:71)\r\n\tat org.junit.runners.ParentRunner.runChildren(ParentRunner.java:288)\r\n\tat org.junit.runners.ParentRunner.access$000(ParentRunner.java:58)\r\n\tat org.junit.runners.ParentRunner$2.evaluate(ParentRunner.java:268)\r\n\tat org.junit.runners.ParentRunner.run(ParentRunner.java:363)\r\n\tat cucumber.runtime.junit.FeatureRunner.run(FeatureRunner.java:70)\r\n\tat cucumber.api.junit.Cucumber.runChild(Cucumber.java:93)\r\n\tat cucumber.api.junit.Cucumber.runChild(Cucumber.java:37)\r\n\tat org.junit.runners.ParentRunner$3.run(ParentRunner.java:290)\r\n\tat org.junit.runners.ParentRunner$1.schedule(ParentRunner.java:71)\r\n\tat org.junit.runners.ParentRunner.runChildren(ParentRunner.java:288)\r\n\tat org.junit.runners.ParentRunner.access$000(ParentRunner.java:58)\r\n\tat org.junit.runners.ParentRunner$2.evaluate(ParentRunner.java:268)\r\n\tat org.junit.runners.ParentRunner.run(ParentRunner.java:363)\r\n\tat cucumber.api.junit.Cucumber.run(Cucumber.java:98)\r\n\tat org.junit.runner.JUnitCore.run(JUnitCore.java:137)\r\n\tat org.junit.runner.JUnitCore.run(JUnitCore.java:115)\r\n\tat org.testng.junit.JUnit4TestRunner.start(JUnit4TestRunner.java:81)\r\n\tat org.testng.junit.JUnit4TestRunner.run(JUnit4TestRunner.java:69)\r\n\tat org.testng.TestRunner$1.run(TestRunner.java:689)\r\n\tat org.testng.TestRunner.runWorkers(TestRunner.java:1014)\r\n\tat org.testng.TestRunner.privateRunJUnit(TestRunner.java:720)\r\n\tat org.testng.TestRunner.run(TestRunner.java:621)\r\n\tat org.testng.SuiteRunner.runTest(SuiteRunner.java:359)\r\n\tat org.testng.SuiteRunner.runSequentially(SuiteRunner.java:354)\r\n\tat org.testng.SuiteRunner.privateRun(SuiteRunner.java:312)\r\n\tat org.testng.SuiteRunner.run(SuiteRunner.java:261)\r\n\tat org.testng.SuiteRunnerWorker.runSuite(SuiteRunnerWorker.java:52)\r\n\tat org.testng.SuiteRunnerWorker.run(SuiteRunnerWorker.java:86)\r\n\tat org.testng.TestNG.runSuitesSequentially(TestNG.java:1191)\r\n\tat org.testng.TestNG.runSuitesLocally(TestNG.java:1116)\r\n\tat org.testng.TestNG.run(TestNG.java:1024)\r\n\tat org.apache.maven.surefire.testng.TestNGExecutor.run(TestNGExecutor.java:135)\r\n\tat org.apache.maven.surefire.testng.TestNGDirectoryTestSuite.executeMulti(TestNGDirectoryTestSuite.java:198)\r\n\tat org.apache.maven.surefire.testng.TestNGDirectoryTestSuite.execute(TestNGDirectoryTestSuite.java:94)\r\n\tat org.apache.maven.surefire.testng.TestNGProvider.invoke(TestNGProvider.java:146)\r\n\tat org.apache.maven.surefire.booter.ForkedBooter.invokeProviderInSameClassLoader(ForkedBooter.java:384)\r\n\tat org.apache.maven.surefire.booter.ForkedBooter.runSuitesInProcess(ForkedBooter.java:345)\r\n\tat org.apache.maven.surefire.booter.ForkedBooter.execute(ForkedBooter.java:126)\r\n\tat org.apache.maven.surefire.booter.ForkedBooter.main(ForkedBooter.java:418)\r\n",
              "status": "failed"
            },
            "match": {
              "location": "Hooks.AfterSteps()"
            }
          }
        ],
        "type": "scenario",
        "keyword": "Scenario",
        "steps": [
          {
            "result": {
              "status": "skipped"
            },
            "line": 8,
            "name": "User enters the contact information and selects the Get a quote button",
            "match": {
              "location": "ContactInformationSteps.user_enters_the_contact_information_and_selects_the_Get_a_quote_button()"
            },
            "keyword": "Given "
          }
        ]
      }
    ],
    "name": "NewQuote",
    "description": "",
    "id": "newquote",
    "keyword": "Feature",
    "uri": "NewQuote3.feature"
  },
  {
    "line": 1,
    "elements": [
      {
        "line": 3,
        "name": "",
        "description": "",
        "type": "background",
        "keyword": "Background",
        "steps": [
          {
            "result": {
              "duration": 18171248801,
              "error_message": "org.openqa.selenium.WebDriverException: chrome not reachable\n  (Session info: chrome\u003d76.0.3809.100)\nBuild info: version: \u00273.4.0\u0027, revision: \u0027unknown\u0027, time: \u0027unknown\u0027\nSystem info: host: \u0027DESKTOP-K80G29D\u0027, ip: \u002710.0.75.1\u0027, os.name: \u0027Windows 10\u0027, os.arch: \u0027amd64\u0027, os.version: \u002710.0\u0027, java.version: \u00271.8.0_221\u0027\nDriver info: org.openqa.selenium.chrome.ChromeDriver\nCapabilities [{networkConnectionEnabled\u003dfalse, chrome\u003d{chromedriverVersion\u003d76.0.3809.68 (420c9498db8ce8fcd190a954d51297672c1515d5-refs/branch-heads/3809@{#864}), userDataDir\u003dC:\\Users\\USER\\AppData\\Local\\Temp\\scoped_dir5060_1724112347}, timeouts\u003d{implicit\u003d0.0, pageLoad\u003d300000.0, script\u003d30000.0}, pageLoadStrategy\u003dnormal, unhandledPromptBehavior\u003ddismiss and notify, strictFileInteractability\u003dfalse, platform\u003dANY, proxy\u003dProxy(), goog:chromeOptions\u003d{debuggerAddress\u003dlocalhost:61418}, acceptInsecureCerts\u003dfalse, browserVersion\u003d76.0.3809.100, browserName\u003dchrome, javascriptEnabled\u003dtrue, platformName\u003dwindows nt, setWindowRect\u003dtrue}]\nSession ID: d6e9dd7f01bcf7e1470873dbdc477856\r\n\tat sun.reflect.NativeConstructorAccessorImpl.newInstance0(Native Method)\r\n\tat sun.reflect.NativeConstructorAccessorImpl.newInstance(NativeConstructorAccessorImpl.java:62)\r\n\tat sun.reflect.DelegatingConstructorAccessorImpl.newInstance(DelegatingConstructorAccessorImpl.java:45)\r\n\tat java.lang.reflect.Constructor.newInstance(Constructor.java:423)\r\n\tat org.openqa.selenium.remote.http.W3CHttpResponseCodec.createException(W3CHttpResponseCodec.java:150)\r\n\tat org.openqa.selenium.remote.http.W3CHttpResponseCodec.decode(W3CHttpResponseCodec.java:115)\r\n\tat org.openqa.selenium.remote.http.W3CHttpResponseCodec.decode(W3CHttpResponseCodec.java:45)\r\n\tat org.openqa.selenium.remote.HttpCommandExecutor.execute(HttpCommandExecutor.java:164)\r\n\tat org.openqa.selenium.remote.service.DriverCommandExecutor.execute(DriverCommandExecutor.java:82)\r\n\tat org.openqa.selenium.remote.RemoteWebDriver.execute(RemoteWebDriver.java:637)\r\n\tat org.openqa.selenium.remote.RemoteWebDriver.get(RemoteWebDriver.java:364)\r\n\tat pageObjects.HomePage.navigateHomePage(HomePage.java:24)\r\n\tat stepDefinitions.HomePageSteps.launching_website_on_the_browser(HomePageSteps.java:19)\r\n\tat ✽.Given Launching website \"http://testquote.performancedirect.co.uk/\" on the browser(NewQuote4.feature:4)\r\n",
              "status": "failed"
            },
            "line": 4,
            "name": "Launching website \"http://testquote.performancedirect.co.uk/\" on the browser",
            "match": {
              "arguments": [
                {
                  "val": "http://testquote.performancedirect.co.uk/",
                  "offset": 19
                }
              ],
              "location": "HomePageSteps.launching_website_on_the_browser(String)"
            },
            "keyword": "Given "
          },
          {
            "result": {
              "status": "skipped"
            },
            "line": 5,
            "name": "User selects \"Car Insurance\" item",
            "match": {
              "arguments": [
                {
                  "val": "Car Insurance",
                  "offset": 14
                }
              ],
              "location": "HomePageSteps.user_selects_item(String)"
            },
            "keyword": "Given "
          }
        ]
      },
      {
        "line": 7,
        "name": "Thread 4",
        "description": "",
        "id": "newquote;thread-4",
        "after": [
          {
            "result": {
              "duration": 244302600,
              "error_message": "org.openqa.selenium.WebDriverException: chrome not reachable\n  (Session info: chrome\u003d76.0.3809.100)\nBuild info: version: \u00273.4.0\u0027, revision: \u0027unknown\u0027, time: \u0027unknown\u0027\nSystem info: host: \u0027DESKTOP-K80G29D\u0027, ip: \u002710.0.75.1\u0027, os.name: \u0027Windows 10\u0027, os.arch: \u0027amd64\u0027, os.version: \u002710.0\u0027, java.version: \u00271.8.0_221\u0027\nDriver info: org.openqa.selenium.chrome.ChromeDriver\nCapabilities [{networkConnectionEnabled\u003dfalse, chrome\u003d{chromedriverVersion\u003d76.0.3809.68 (420c9498db8ce8fcd190a954d51297672c1515d5-refs/branch-heads/3809@{#864}), userDataDir\u003dC:\\Users\\USER\\AppData\\Local\\Temp\\scoped_dir5060_1724112347}, timeouts\u003d{implicit\u003d0.0, pageLoad\u003d300000.0, script\u003d30000.0}, pageLoadStrategy\u003dnormal, unhandledPromptBehavior\u003ddismiss and notify, strictFileInteractability\u003dfalse, platform\u003dANY, proxy\u003dProxy(), goog:chromeOptions\u003d{debuggerAddress\u003dlocalhost:61418}, acceptInsecureCerts\u003dfalse, browserVersion\u003d76.0.3809.100, browserName\u003dchrome, javascriptEnabled\u003dtrue, platformName\u003dwindows nt, setWindowRect\u003dtrue}]\nSession ID: d6e9dd7f01bcf7e1470873dbdc477856\r\n\tat sun.reflect.NativeConstructorAccessorImpl.newInstance0(Native Method)\r\n\tat sun.reflect.NativeConstructorAccessorImpl.newInstance(NativeConstructorAccessorImpl.java:62)\r\n\tat sun.reflect.DelegatingConstructorAccessorImpl.newInstance(DelegatingConstructorAccessorImpl.java:45)\r\n\tat java.lang.reflect.Constructor.newInstance(Constructor.java:423)\r\n\tat org.openqa.selenium.remote.http.W3CHttpResponseCodec.createException(W3CHttpResponseCodec.java:150)\r\n\tat org.openqa.selenium.remote.http.W3CHttpResponseCodec.decode(W3CHttpResponseCodec.java:115)\r\n\tat org.openqa.selenium.remote.http.W3CHttpResponseCodec.decode(W3CHttpResponseCodec.java:45)\r\n\tat org.openqa.selenium.remote.HttpCommandExecutor.execute(HttpCommandExecutor.java:164)\r\n\tat org.openqa.selenium.remote.service.DriverCommandExecutor.execute(DriverCommandExecutor.java:82)\r\n\tat org.openqa.selenium.remote.RemoteWebDriver.execute(RemoteWebDriver.java:637)\r\n\tat org.openqa.selenium.remote.RemoteWebDriver.execute(RemoteWebDriver.java:694)\r\n\tat org.openqa.selenium.remote.RemoteWebDriver.close(RemoteWebDriver.java:523)\r\n\tat managers.WebDriverManager.closeDriver(WebDriverManager.java:69)\r\n\tat stepDefinitions.Hooks.AfterSteps(Hooks.java:15)\r\n\tat sun.reflect.NativeMethodAccessorImpl.invoke0(Native Method)\r\n\tat sun.reflect.NativeMethodAccessorImpl.invoke(NativeMethodAccessorImpl.java:62)\r\n\tat sun.reflect.DelegatingMethodAccessorImpl.invoke(DelegatingMethodAccessorImpl.java:43)\r\n\tat java.lang.reflect.Method.invoke(Method.java:498)\r\n\tat cucumber.runtime.Utils$1.call(Utils.java:37)\r\n\tat cucumber.runtime.Timeout.timeout(Timeout.java:13)\r\n\tat cucumber.runtime.Utils.invoke(Utils.java:31)\r\n\tat cucumber.runtime.java.JavaHookDefinition.execute(JavaHookDefinition.java:60)\r\n\tat cucumber.runtime.Runtime.runHookIfTagsMatch(Runtime.java:223)\r\n\tat cucumber.runtime.Runtime.runHooks(Runtime.java:211)\r\n\tat cucumber.runtime.Runtime.runAfterHooks(Runtime.java:205)\r\n\tat cucumber.runtime.model.CucumberScenario.run(CucumberScenario.java:46)\r\n\tat cucumber.runtime.junit.ExecutionUnitRunner.run(ExecutionUnitRunner.java:91)\r\n\tat cucumber.runtime.junit.FeatureRunner.runChild(FeatureRunner.java:63)\r\n\tat cucumber.runtime.junit.FeatureRunner.runChild(FeatureRunner.java:18)\r\n\tat org.junit.runners.ParentRunner$3.run(ParentRunner.java:290)\r\n\tat org.junit.runners.ParentRunner$1.schedule(ParentRunner.java:71)\r\n\tat org.junit.runners.ParentRunner.runChildren(ParentRunner.java:288)\r\n\tat org.junit.runners.ParentRunner.access$000(ParentRunner.java:58)\r\n\tat org.junit.runners.ParentRunner$2.evaluate(ParentRunner.java:268)\r\n\tat org.junit.runners.ParentRunner.run(ParentRunner.java:363)\r\n\tat cucumber.runtime.junit.FeatureRunner.run(FeatureRunner.java:70)\r\n\tat cucumber.api.junit.Cucumber.runChild(Cucumber.java:93)\r\n\tat cucumber.api.junit.Cucumber.runChild(Cucumber.java:37)\r\n\tat org.junit.runners.ParentRunner$3.run(ParentRunner.java:290)\r\n\tat org.junit.runners.ParentRunner$1.schedule(ParentRunner.java:71)\r\n\tat org.junit.runners.ParentRunner.runChildren(ParentRunner.java:288)\r\n\tat org.junit.runners.ParentRunner.access$000(ParentRunner.java:58)\r\n\tat org.junit.runners.ParentRunner$2.evaluate(ParentRunner.java:268)\r\n\tat org.junit.runners.ParentRunner.run(ParentRunner.java:363)\r\n\tat cucumber.api.junit.Cucumber.run(Cucumber.java:98)\r\n\tat org.junit.runner.JUnitCore.run(JUnitCore.java:137)\r\n\tat org.junit.runner.JUnitCore.run(JUnitCore.java:115)\r\n\tat org.testng.junit.JUnit4TestRunner.start(JUnit4TestRunner.java:81)\r\n\tat org.testng.junit.JUnit4TestRunner.run(JUnit4TestRunner.java:69)\r\n\tat org.testng.TestRunner$1.run(TestRunner.java:689)\r\n\tat org.testng.TestRunner.runWorkers(TestRunner.java:1014)\r\n\tat org.testng.TestRunner.privateRunJUnit(TestRunner.java:720)\r\n\tat org.testng.TestRunner.run(TestRunner.java:621)\r\n\tat org.testng.SuiteRunner.runTest(SuiteRunner.java:359)\r\n\tat org.testng.SuiteRunner.runSequentially(SuiteRunner.java:354)\r\n\tat org.testng.SuiteRunner.privateRun(SuiteRunner.java:312)\r\n\tat org.testng.SuiteRunner.run(SuiteRunner.java:261)\r\n\tat org.testng.SuiteRunnerWorker.runSuite(SuiteRunnerWorker.java:52)\r\n\tat org.testng.SuiteRunnerWorker.run(SuiteRunnerWorker.java:86)\r\n\tat org.testng.TestNG.runSuitesSequentially(TestNG.java:1191)\r\n\tat org.testng.TestNG.runSuitesLocally(TestNG.java:1116)\r\n\tat org.testng.TestNG.run(TestNG.java:1024)\r\n\tat org.apache.maven.surefire.testng.TestNGExecutor.run(TestNGExecutor.java:135)\r\n\tat org.apache.maven.surefire.testng.TestNGDirectoryTestSuite.executeMulti(TestNGDirectoryTestSuite.java:198)\r\n\tat org.apache.maven.surefire.testng.TestNGDirectoryTestSuite.execute(TestNGDirectoryTestSuite.java:94)\r\n\tat org.apache.maven.surefire.testng.TestNGProvider.invoke(TestNGProvider.java:146)\r\n\tat org.apache.maven.surefire.booter.ForkedBooter.invokeProviderInSameClassLoader(ForkedBooter.java:384)\r\n\tat org.apache.maven.surefire.booter.ForkedBooter.runSuitesInProcess(ForkedBooter.java:345)\r\n\tat org.apache.maven.surefire.booter.ForkedBooter.execute(ForkedBooter.java:126)\r\n\tat org.apache.maven.surefire.booter.ForkedBooter.main(ForkedBooter.java:418)\r\n",
              "status": "failed"
            },
            "match": {
              "location": "Hooks.AfterSteps()"
            }
          }
        ],
        "type": "scenario",
        "keyword": "Scenario",
        "steps": [
          {
            "result": {
              "status": "skipped"
            },
            "line": 8,
            "name": "User enters the contact information and selects the Get a quote button",
            "match": {
              "location": "ContactInformationSteps.user_enters_the_contact_information_and_selects_the_Get_a_quote_button()"
            },
            "keyword": "Given "
          }
        ]
      }
    ],
    "name": "NewQuote",
    "description": "",
    "id": "newquote",
    "keyword": "Feature",
    "uri": "NewQuote4.feature"
  }
]